<?xml version="1.0" encoding="UTF-8"?>
<!-- Generated by org.testng.reporters.JUnitXMLReporter -->
<testsuite hostname="LAPTOP-PE7CMH67" ignored="0" name="BookingTest" tests="10" failures="1" timestamp="21 Nov 2019 00:22:16 GMT" time="17.217" errors="0">
  <testcase name="TestLinksValidation" time="10.565" classname="com.iPresence.BookingTest">
    <failure type="java.lang.AssertionError" message="expected [true] but found [false]">
      <![CDATA[java.lang.AssertionError: expected [true] but found [false]
	at com.iPresence.BookingTest.TestLinksValidation(BookingTest.java:25)
... Removed 30 stack frames]]>
    </failure>
  </testcase> <!-- TestLinksValidation -->
  <testcase name="TestBookingLoginButton" time="1.161" classname="com.iPresence.BookingTest"/>
  <testcase name="TestGuestLoginButton" time="0.634" classname="com.iPresence.BookingTest"/>
  <testcase name="TestEmptyFirstName" time="0.519" classname="com.iPresence.BookingTest"/>
  <testcase name="TestEmptyLastName" time="0.714" classname="com.iPresence.BookingTest"/>
  <testcase name="TestEmptyEmail" time="0.573" classname="com.iPresence.BookingTest"/>
  <testcase name="TestEmptyPhone" time="0.537" classname="com.iPresence.BookingTest"/>
  <testcase name="TestEmptyCardHolderName" time="0.778" classname="com.iPresence.BookingTest"/>
  <testcase name="TestEmptyCardNumber" time="0.88" classname="com.iPresence.BookingTest"/>
  <testcase name="TestEmptySecurityCode" time="0.738" classname="com.iPresence.BookingTest"/>
</testsuite> <!-- BookingTest -->
