<?xml version="1.0" encoding="UTF-8"?>
<!-- Generated by org.testng.reporters.JUnitXMLReporter -->
<testsuite hostname="LAPTOP-PE7CMH67" ignored="0" name="ReviewTest" tests="5" failures="1" timestamp="20 Nov 2019 15:56:41 GMT" time="8.631" errors="0">
  <testcase name="TestWebsiteLaunch" time="0.435" classname="com.wallethub.ReviewTest"/>
  <testcase name="TestReviewSubmit" time="8.105" classname="com.wallethub.ReviewTest">
    <failure type="org.openqa.selenium.NoSuchWindowException" message="no such window: target window already closed
from unknown error: web view not found
  (Session info: chrome=78.0.3904.108)
Build info: version: &amp;apos;3.141.59&amp;apos;, revision: &amp;apos;e82be7d358&amp;apos;, time: &amp;apos;2018-11-14T08:17:03&amp;apos;
System info: host: &amp;apos;LAPTOP-PE7CMH67&amp;apos;, ip: &amp;apos;192.168.0.12&amp;apos;, os.name: &amp;apos;Windows 10&amp;apos;, os.arch: &amp;apos;amd64&amp;apos;, os.version: &amp;apos;10.0&amp;apos;, java.version: &amp;apos;1.8.0_231&amp;apos;
Driver info: org.openqa.selenium.remote.RemoteWebDriver
Capabilities {acceptInsecureCerts: false, browserName: chrome, browserVersion: 78.0.3904.108, chrome: {chromedriverVersion: 78.0.3904.70 (edb9c9f3de024..., userDataDir: C:\Users\selva\AppData\Loca...}, goog:chromeOptions: {debuggerAddress: localhost:52475}, javascriptEnabled: true, networkConnectionEnabled: false, pageLoadStrategy: normal, platform: XP, platformName: XP, proxy: Proxy(), setWindowRect: true, strictFileInteractability: false, timeouts: {implicit: 0, pageLoad: 300000, script: 30000}, unhandledPromptBehavior: dismiss and notify, webdriver.remote.sessionid: 7dba9370ab86c93f716493ec593...}
Session ID: 7dba9370ab86c93f716493ec5933c482
*** Element info: {Using=xpath, value=//div[@class=&amp;apos;wrev-user-input-box input-field progress-indicator-container&amp;apos;]//span}">
      <![CDATA[org.openqa.selenium.NoSuchWindowException: no such window: target window already closed
from unknown error: web view not found
  (Session info: chrome=78.0.3904.108)
Build info: version: '3.141.59', revision: 'e82be7d358', time: '2018-11-14T08:17:03'
System info: host: 'LAPTOP-PE7CMH67', ip: '192.168.0.12', os.name: 'Windows 10', os.arch: 'amd64', os.version: '10.0', java.version: '1.8.0_231'
Driver info: org.openqa.selenium.remote.RemoteWebDriver
Capabilities {acceptInsecureCerts: false, browserName: chrome, browserVersion: 78.0.3904.108, chrome: {chromedriverVersion: 78.0.3904.70 (edb9c9f3de024..., userDataDir: C:\Users\selva\AppData\Loca...}, goog:chromeOptions: {debuggerAddress: localhost:52475}, javascriptEnabled: true, networkConnectionEnabled: false, pageLoadStrategy: normal, platform: XP, platformName: XP, proxy: Proxy(), setWindowRect: true, strictFileInteractability: false, timeouts: {implicit: 0, pageLoad: 300000, script: 30000}, unhandledPromptBehavior: dismiss and notify, webdriver.remote.sessionid: 7dba9370ab86c93f716493ec593...}
Session ID: 7dba9370ab86c93f716493ec5933c482
*** Element info: {Using=xpath, value=//div[@class='wrev-user-input-box input-field progress-indicator-container']//span}
	at org.openqa.selenium.remote.http.W3CHttpResponseCodec.createException(W3CHttpResponseCodec.java:187)
	at org.openqa.selenium.remote.http.W3CHttpResponseCodec.decode(W3CHttpResponseCodec.java:122)
	at org.openqa.selenium.remote.http.W3CHttpResponseCodec.decode(W3CHttpResponseCodec.java:49)
	at org.openqa.selenium.remote.HttpCommandExecutor.execute(HttpCommandExecutor.java:158)
	at org.openqa.selenium.remote.RemoteWebDriver.execute(RemoteWebDriver.java:552)
	at org.openqa.selenium.remote.RemoteWebDriver.findElement(RemoteWebDriver.java:323)
	at org.openqa.selenium.remote.RemoteWebDriver.findElementByXPath(RemoteWebDriver.java:428)
	at org.openqa.selenium.By$ByXPath.findElement(By.java:353)
	at org.openqa.selenium.remote.RemoteWebDriver.findElement(RemoteWebDriver.java:315)
	at com.wallethub.utils.ClickUtil.ClickElementAndExpectElementValidation(ClickUtil.java:71)
	at com.wallethub.utils.ClickUtil.ClickButton(ClickUtil.java:39)
	at com.wallethub.Review.ClickButton(Review.java:37)
	at com.wallethub.ReviewTest.TestReviewSubmit(ReviewTest.java:37)
... Removed 30 stack frames]]>
    </failure>
  </testcase> <!-- TestReviewSubmit -->
  <testcase name="TestWallethubLogin" time="0.0" classname="com.wallethub.ReviewTest">
    <skipped/>
  </testcase> <!-- TestWallethubLogin -->
  <testcase name="TestSubmittedReview" time="0.0" classname="com.wallethub.ReviewTest">
    <skipped/>
  </testcase> <!-- TestSubmittedReview -->
  <testcase name="TestProfilePage" time="0.0" classname="com.wallethub.ReviewTest">
    <skipped/>
  </testcase> <!-- TestProfilePage -->
</testsuite> <!-- ReviewTest -->
